0 info it worked if it ends with ok
1 verbose cli [ '/home/poying/.nvm/v0.10.16/bin/node',
1 verbose cli   '/home/poying/.nvm/v0.10.16/bin/npm',
1 verbose cli   'init' ]
2 info using npm@1.3.8
3 info using node@v0.10.16
4 silly package data undefined
5 info init written successfully
6 error Error: canceled
6 error     at Interface.<anonymous> (/home/poying/.nvm/v0.10.16/lib/node_modules/npm/node_modules/read/lib/read.js:66:13)
6 error     at Interface.EventEmitter.emit (events.js:92:17)
6 error     at Interface._ttyWrite (readline.js:620:16)
6 error     at ReadStream.onkeypress (readline.js:99:10)
6 error     at ReadStream.EventEmitter.emit (events.js:98:17)
6 error     at emitKey (readline.js:1095:12)
6 error     at ReadStream.onData (readline.js:840:14)
6 error     at ReadStream.EventEmitter.emit (events.js:95:17)
6 error     at ReadStream.<anonymous> (_stream_readable.js:738:14)
6 error     at ReadStream.EventEmitter.emit (events.js:92:17)
7 error If you need help, you may report this log at:
7 error     <http://github.com/isaacs/npm/issues>
7 error or email it to:
7 error     <npm-@googlegroups.com>
8 error System Linux 3.10.6-200.fc19.x86_64
9 error command "/home/poying/.nvm/v0.10.16/bin/node" "/home/poying/.nvm/v0.10.16/bin/npm" "init"
10 error cwd /home/poying/workspace/node/youmeb-event
11 error node -v v0.10.16
12 error npm -v 1.3.8
13 verbose exit [ 1, true ]
